This is pdfTeX, Version 3.14159265-2.6-1.40.20 (TeX Live 2019/Arch Linux) (preloaded format=pdflatex 2020.3.31)  13 APR 2020 14:43
entering extended mode
 restricted \write18 enabled.
 %&-line parsing enabled.
**/home/kzeran/Documents/Umons/Ma1/KnowledgeRepresentationAndReasoning/project/
KRR/report/intro

(/home/kzeran/Documents/Umons/Ma1/KnowledgeRepresentationAndReasoning/project/K
RR/report/intro.tex
LaTeX2e <2019-10-01> patch level 1
! Undefined control sequence.
l.2 \section
            {Introduction}
? 
! Emergency stop.
l.2 \section
            {Introduction}
End of file on the terminal!

 
Here is how much of TeX's memory you used:
 6 strings out of 492167
 480 string characters out of 6131558
 59016 words of memory out of 5000000
 4468 multiletter control sequences out of 15000+600000
 3640 words of font info for 14 fonts, out of 8000000 for 9000
 1141 hyphenation exceptions out of 8191
 5i,0n,1p,118b,8s stack positions out of 5000i,500n,10000p,200000b,80000s
!  ==> Fatal error occurred, no output PDF file produced!
